[0426/185235.624:ERROR:file_io_win.cc(161)] CreateFile C:\Users\jswati\AppData\Local\Temp\scoped_dir21508_10515\Crashpad\settings.dat: The system cannot find the path specified. (0x3)
[0426/185236.027:ERROR:file_io_win.cc(170)] CreateFile C:\Users\jswati\AppData\Local\Temp\scoped_dir21508_10515\Crashpad\reports\c7cff4a1-40a1-4414-aa03-551c03683e6e.dmp: The system cannot find the path specified. (0x3)
[0426/185236.027:ERROR:crash_report_exception_handler.cc(97)] PrepareNewCrashReport failed
[0426/195651.931:ERROR:file_io_win.cc(161)] CreateFile C:\Users\jswati\AppData\Local\Temp\scoped_dir24192_19008\Crashpad\settings.dat: The system cannot find the path specified. (0x3)
[0426/195651.933:ERROR:file_io_win.cc(170)] CreateFile C:\Users\jswati\AppData\Local\Temp\scoped_dir24192_19008\Crashpad\reports\0dba45da-20bf-4533-bbfc-90d797689a79.dmp: The system cannot find the path specified. (0x3)
[0426/195651.933:ERROR:crash_report_exception_handler.cc(97)] PrepareNewCrashReport failed
[0426/200349.162:ERROR:file_io_win.cc(161)] CreateFile C:\Users\jswati\AppData\Local\Temp\scoped_dir19620_31585\Crashpad\settings.dat: The system cannot find the path specified. (0x3)
[0426/200349.164:ERROR:file_io_win.cc(170)] CreateFile C:\Users\jswati\AppData\Local\Temp\scoped_dir19620_31585\Crashpad\reports\73df95c1-9388-484e-9ed7-a19aef16f3f2.dmp: The system cannot find the path specified. (0x3)
[0426/200349.164:ERROR:crash_report_exception_handler.cc(97)] PrepareNewCrashReport failed
[0426/200843.861:ERROR:file_io_win.cc(161)] CreateFile C:\Users\jswati\AppData\Local\Temp\scoped_dir25472_2457\Crashpad\settings.dat: The system cannot find the file specified. (0x2)
[0426/201100.930:ERROR:file_io_win.cc(161)] CreateFile C:\Users\jswati\AppData\Local\Temp\scoped_dir24100_943\Crashpad\settings.dat: The system cannot find the path specified. (0x3)
[0426/201100.931:ERROR:file_io_win.cc(170)] CreateFile C:\Users\jswati\AppData\Local\Temp\scoped_dir24100_943\Crashpad\reports\6cfb826a-c6e3-425c-a935-8a1ddd0f5d59.dmp: The system cannot find the path specified. (0x3)
[0426/201100.932:ERROR:crash_report_exception_handler.cc(97)] PrepareNewCrashReport failed
[0426/201302.240:ERROR:file_io_win.cc(161)] CreateFile C:\Users\jswati\AppData\Local\Temp\scoped_dir12464_32383\Crashpad\settings.dat: The system cannot find the file specified. (0x2)
[0426/202253.654:ERROR:file_io_win.cc(161)] CreateFile C:\Users\jswati\AppData\Local\Temp\scoped_dir24892_17802\Crashpad\settings.dat: The system cannot find the path specified. (0x3)
[0426/202253.655:ERROR:file_io_win.cc(170)] CreateFile C:\Users\jswati\AppData\Local\Temp\scoped_dir24892_17802\Crashpad\reports\63755ab5-8d11-4058-967f-79cbfc90e7a4.dmp: The system cannot find the path specified. (0x3)
[0426/202253.655:ERROR:crash_report_exception_handler.cc(97)] PrepareNewCrashReport failed
[0426/233250.584:ERROR:file_io_win.cc(161)] CreateFile C:\Users\jswati\AppData\Local\Temp\scoped_dir22196_6985\Crashpad\settings.dat: The system cannot find the path specified. (0x3)
[0426/233250.588:ERROR:file_io_win.cc(170)] CreateFile C:\Users\jswati\AppData\Local\Temp\scoped_dir22196_6985\Crashpad\reports\e8a5deaf-0a07-43cf-bb32-b2ecbd370894.dmp: The system cannot find the path specified. (0x3)
[0426/233250.588:ERROR:crash_report_exception_handler.cc(97)] PrepareNewCrashReport failed
[0427/000443.729:ERROR:file_io_win.cc(161)] CreateFile C:\Users\jswati\AppData\Local\Temp\scoped_dir23972_29553\Crashpad\settings.dat: The system cannot find the path specified. (0x3)
[0427/000443.731:ERROR:file_io_win.cc(170)] CreateFile C:\Users\jswati\AppData\Local\Temp\scoped_dir23972_29553\Crashpad\reports\ed0b090c-0f95-40d8-833b-cb8eb18816de.dmp: The system cannot find the path specified. (0x3)
[0427/000443.731:ERROR:crash_report_exception_handler.cc(97)] PrepareNewCrashReport failed
[0427/154902.448:ERROR:file_io_win.cc(161)] CreateFile C:\Users\jswati\AppData\Local\Temp\scoped_dir19960_22675\Crashpad\settings.dat: The system cannot find the path specified. (0x3)
[0427/154902.480:ERROR:file_io_win.cc(170)] CreateFile C:\Users\jswati\AppData\Local\Temp\scoped_dir19960_22675\Crashpad\reports\96cc89dd-bc2c-4a26-aecb-197f88ba7a9f.dmp: The system cannot find the path specified. (0x3)
[0427/154902.480:ERROR:crash_report_exception_handler.cc(97)] PrepareNewCrashReport failed
[0427/155553.189:ERROR:file_io_win.cc(161)] CreateFile C:\Users\jswati\AppData\Local\Temp\scoped_dir11268_445\Crashpad\settings.dat: The system cannot find the path specified. (0x3)
[0427/155553.189:ERROR:file_io_win.cc(170)] CreateFile C:\Users\jswati\AppData\Local\Temp\scoped_dir11268_445\Crashpad\reports\625b95c7-53cc-4f9c-b353-fff62da1b658.dmp: The system cannot find the path specified. (0x3)
[0427/155553.189:ERROR:crash_report_exception_handler.cc(97)] PrepareNewCrashReport failed
[0427/155827.662:ERROR:file_io_win.cc(161)] CreateFile C:\Users\jswati\AppData\Local\Temp\scoped_dir18052_4488\Crashpad\settings.dat: The system cannot find the path specified. (0x3)
[0427/155827.662:ERROR:file_io_win.cc(170)] CreateFile C:\Users\jswati\AppData\Local\Temp\scoped_dir18052_4488\Crashpad\reports\36cec0a4-ce39-4a2e-993d-3f67a6d49e55.dmp: The system cannot find the path specified. (0x3)
[0427/155827.662:ERROR:crash_report_exception_handler.cc(97)] PrepareNewCrashReport failed
[0427/160455.113:ERROR:file_io_win.cc(161)] CreateFile C:\Users\jswati\AppData\Local\Temp\scoped_dir23052_17892\Crashpad\settings.dat: The system cannot find the path specified. (0x3)
[0427/160455.116:ERROR:file_io_win.cc(170)] CreateFile C:\Users\jswati\AppData\Local\Temp\scoped_dir23052_17892\Crashpad\reports\9b576889-c048-4cb9-95d9-03c7c1fa9003.dmp: The system cannot find the path specified. (0x3)
[0427/160455.116:ERROR:crash_report_exception_handler.cc(97)] PrepareNewCrashReport failed
[0427/224659.603:ERROR:file_io_win.cc(161)] CreateFile C:\Users\jswati\AppData\Local\Temp\scoped_dir23824_24407\Crashpad\settings.dat: The system cannot find the file specified. (0x2)
[0427/232839.545:ERROR:file_io_win.cc(161)] CreateFile C:\Users\jswati\AppData\Local\Temp\scoped_dir24068_9941\Crashpad\settings.dat: The system cannot find the path specified. (0x3)
[0427/232839.573:ERROR:file_io_win.cc(170)] CreateFile C:\Users\jswati\AppData\Local\Temp\scoped_dir24068_9941\Crashpad\reports\a7d00e23-56a7-4b7e-995c-4af95680ee6b.dmp: The system cannot find the path specified. (0x3)
[0427/232839.573:ERROR:crash_report_exception_handler.cc(97)] PrepareNewCrashReport failed
[0427/233419.993:ERROR:file_io_win.cc(161)] CreateFile C:\Users\jswati\AppData\Local\Temp\scoped_dir21812_1270\Crashpad\settings.dat: The system cannot find the path specified. (0x3)
[0427/233419.994:ERROR:file_io_win.cc(170)] CreateFile C:\Users\jswati\AppData\Local\Temp\scoped_dir21812_1270\Crashpad\reports\846318fc-afb2-4a0f-af4e-5002ce572f2a.dmp: The system cannot find the path specified. (0x3)
[0427/233419.994:ERROR:crash_report_exception_handler.cc(97)] PrepareNewCrashReport failed
[0428/001707.406:ERROR:file_io_win.cc(161)] CreateFile C:\Users\jswati\AppData\Local\Temp\scoped_dir20444_17037\Crashpad\settings.dat: The system cannot find the path specified. (0x3)
[0428/001707.407:ERROR:file_io_win.cc(170)] CreateFile C:\Users\jswati\AppData\Local\Temp\scoped_dir20444_17037\Crashpad\reports\dbd57f67-5ae3-4ded-b153-d973f440531e.dmp: The system cannot find the path specified. (0x3)
[0428/001707.408:ERROR:crash_report_exception_handler.cc(97)] PrepareNewCrashReport failed
[0428/002132.915:ERROR:file_io_win.cc(161)] CreateFile C:\Users\jswati\AppData\Local\Temp\scoped_dir16640_2414\Crashpad\settings.dat: The system cannot find the path specified. (0x3)
[0428/002132.916:ERROR:file_io_win.cc(170)] CreateFile C:\Users\jswati\AppData\Local\Temp\scoped_dir16640_2414\Crashpad\reports\6a5de759-4c8c-42b4-a207-86528120e409.dmp: The system cannot find the path specified. (0x3)
[0428/002132.916:ERROR:crash_report_exception_handler.cc(97)] PrepareNewCrashReport failed
[0428/172213.692:ERROR:file_io_win.cc(161)] CreateFile C:\Users\jswati\AppData\Local\Temp\scoped_dir22320_18933\Crashpad\settings.dat: The system cannot find the path specified. (0x3)
[0428/172213.693:ERROR:file_io_win.cc(170)] CreateFile C:\Users\jswati\AppData\Local\Temp\scoped_dir22320_18933\Crashpad\reports\b349bc0d-f3b6-43ab-8b57-baecfc687e10.dmp: The system cannot find the path specified. (0x3)
[0428/172213.693:ERROR:crash_report_exception_handler.cc(97)] PrepareNewCrashReport failed
[0428/173317.806:ERROR:file_io_win.cc(161)] CreateFile C:\Users\jswati\AppData\Local\Temp\scoped_dir23216_16490\Crashpad\settings.dat: The system cannot find the path specified. (0x3)
[0428/173317.807:ERROR:file_io_win.cc(170)] CreateFile C:\Users\jswati\AppData\Local\Temp\scoped_dir23216_16490\Crashpad\reports\89c8377a-6c35-4993-bda2-d47e6d833b0c.dmp: The system cannot find the path specified. (0x3)
[0428/173317.808:ERROR:crash_report_exception_handler.cc(97)] PrepareNewCrashReport failed
[0428/173459.066:ERROR:file_io_win.cc(161)] CreateFile C:\Users\jswati\AppData\Local\Temp\scoped_dir14852_27313\Crashpad\settings.dat: The system cannot find the path specified. (0x3)
[0428/173459.068:ERROR:file_io_win.cc(170)] CreateFile C:\Users\jswati\AppData\Local\Temp\scoped_dir14852_27313\Crashpad\reports\07171d29-36f8-4f11-9005-cb61f27b50aa.dmp: The system cannot find the path specified. (0x3)
[0428/173459.068:ERROR:crash_report_exception_handler.cc(97)] PrepareNewCrashReport failed
[0428/174157.108:ERROR:file_io_win.cc(161)] CreateFile C:\Users\jswati\AppData\Local\Temp\scoped_dir25196_5877\Crashpad\settings.dat: The system cannot find the path specified. (0x3)
[0428/174157.108:ERROR:file_io_win.cc(170)] CreateFile C:\Users\jswati\AppData\Local\Temp\scoped_dir25196_5877\Crashpad\reports\92395e9b-9848-4c0f-8b24-ab428bc72874.dmp: The system cannot find the path specified. (0x3)
[0428/174157.108:ERROR:crash_report_exception_handler.cc(97)] PrepareNewCrashReport failed
[0428/175756.204:ERROR:file_io_win.cc(161)] CreateFile C:\Users\jswati\AppData\Local\Temp\scoped_dir24100_27799\Crashpad\settings.dat: The system cannot find the file specified. (0x2)
[0429/212959.524:ERROR:file_io_win.cc(161)] CreateFile C:\Users\jswati\AppData\Local\Temp\scoped_dir23388_7011\Crashpad\settings.dat: The system cannot find the path specified. (0x3)
[0429/212959.796:ERROR:file_io_win.cc(170)] CreateFile C:\Users\jswati\AppData\Local\Temp\scoped_dir23388_7011\Crashpad\reports\ab76ee0f-0c2f-4f94-aaa5-10aa65ecd337.dmp: The system cannot find the path specified. (0x3)
[0429/212959.796:ERROR:crash_report_exception_handler.cc(97)] PrepareNewCrashReport failed
[0429/214311.837:ERROR:file_io_win.cc(161)] CreateFile C:\Users\jswati\AppData\Local\Temp\scoped_dir28724_32158\Crashpad\settings.dat: The system cannot find the path specified. (0x3)
[0429/214311.837:ERROR:file_io_win.cc(170)] CreateFile C:\Users\jswati\AppData\Local\Temp\scoped_dir28724_32158\Crashpad\reports\da21f473-a46d-4c8d-bbe7-4298a6650765.dmp: The system cannot find the path specified. (0x3)
[0429/214311.841:ERROR:crash_report_exception_handler.cc(97)] PrepareNewCrashReport failed
[0429/215840.773:ERROR:file_io_win.cc(161)] CreateFile C:\Users\jswati\AppData\Local\Temp\scoped_dir11132_14983\Crashpad\settings.dat: The system cannot find the path specified. (0x3)
[0429/215840.775:ERROR:file_io_win.cc(170)] CreateFile C:\Users\jswati\AppData\Local\Temp\scoped_dir11132_14983\Crashpad\reports\4edfbd46-8621-4852-91a5-b75d6117d589.dmp: The system cannot find the path specified. (0x3)
[0429/215840.775:ERROR:crash_report_exception_handler.cc(97)] PrepareNewCrashReport failed
[0429/220142.400:ERROR:file_io_win.cc(161)] CreateFile C:\Users\jswati\AppData\Local\Temp\scoped_dir28724_2639\Crashpad\settings.dat: The system cannot find the file specified. (0x2)
[0429/220419.565:ERROR:file_io_win.cc(161)] CreateFile C:\Users\jswati\AppData\Local\Temp\scoped_dir27184_18948\Crashpad\settings.dat: The system cannot find the path specified. (0x3)
[0429/220419.565:ERROR:file_io_win.cc(170)] CreateFile C:\Users\jswati\AppData\Local\Temp\scoped_dir27184_18948\Crashpad\reports\773de995-5d3d-4e9b-b496-8e8535c18d66.dmp: The system cannot find the path specified. (0x3)
[0429/220419.565:ERROR:crash_report_exception_handler.cc(97)] PrepareNewCrashReport failed
[0429/220808.976:ERROR:file_io_win.cc(161)] CreateFile C:\Users\jswati\AppData\Local\Temp\scoped_dir22628_4286\Crashpad\settings.dat: The system cannot find the path specified. (0x3)
[0429/220808.978:ERROR:file_io_win.cc(170)] CreateFile C:\Users\jswati\AppData\Local\Temp\scoped_dir22628_4286\Crashpad\reports\c73ffaad-f5c7-4a35-b4ec-0270ae4ba996.dmp: The system cannot find the path specified. (0x3)
[0429/220808.978:ERROR:crash_report_exception_handler.cc(97)] PrepareNewCrashReport failed
[0429/221239.625:ERROR:file_io_win.cc(161)] CreateFile C:\Users\jswati\AppData\Local\Temp\scoped_dir25684_11310\Crashpad\settings.dat: The system cannot find the path specified. (0x3)
[0429/221239.629:ERROR:file_io_win.cc(170)] CreateFile C:\Users\jswati\AppData\Local\Temp\scoped_dir25684_11310\Crashpad\reports\f51e7ee5-0e8f-4df5-b4c6-519a3acb7eb1.dmp: The system cannot find the path specified. (0x3)
[0429/221239.629:ERROR:crash_report_exception_handler.cc(97)] PrepareNewCrashReport failed
[0429/222427.786:ERROR:file_io_win.cc(161)] CreateFile C:\Users\jswati\AppData\Local\Temp\scoped_dir28196_22900\Crashpad\settings.dat: The system cannot find the path specified. (0x3)
[0429/222427.786:ERROR:file_io_win.cc(170)] CreateFile C:\Users\jswati\AppData\Local\Temp\scoped_dir28196_22900\Crashpad\reports\0c557745-0ca8-4219-967c-21fe9db28d79.dmp: The system cannot find the path specified. (0x3)
[0429/222427.786:ERROR:crash_report_exception_handler.cc(97)] PrepareNewCrashReport failed
[0429/222620.298:ERROR:file_io_win.cc(161)] CreateFile C:\Users\jswati\AppData\Local\Temp\scoped_dir11960_7133\Crashpad\settings.dat: The system cannot find the path specified. (0x3)
[0429/222620.300:ERROR:file_io_win.cc(170)] CreateFile C:\Users\jswati\AppData\Local\Temp\scoped_dir11960_7133\Crashpad\reports\acab1d75-2d2e-4f2c-938e-8cbc5ea1c738.dmp: The system cannot find the path specified. (0x3)
[0429/222620.300:ERROR:crash_report_exception_handler.cc(97)] PrepareNewCrashReport failed
[0429/222748.961:ERROR:file_io_win.cc(161)] CreateFile C:\Users\jswati\AppData\Local\Temp\scoped_dir12592_5788\Crashpad\settings.dat: The system cannot find the path specified. (0x3)
[0429/222748.965:ERROR:file_io_win.cc(170)] CreateFile C:\Users\jswati\AppData\Local\Temp\scoped_dir12592_5788\Crashpad\reports\db19db69-a93d-4ed1-b416-1e1c77521f06.dmp: The system cannot find the path specified. (0x3)
[0429/222748.965:ERROR:crash_report_exception_handler.cc(97)] PrepareNewCrashReport failed
[0429/233142.242:ERROR:file_io_win.cc(161)] CreateFile C:\Users\jswati\AppData\Local\Temp\scoped_dir28288_12199\Crashpad\settings.dat: The system cannot find the path specified. (0x3)
[0429/233142.273:ERROR:file_io_win.cc(170)] CreateFile C:\Users\jswati\AppData\Local\Temp\scoped_dir28288_12199\Crashpad\reports\4c018b4f-36df-4d09-af67-7affac9d47ec.dmp: The system cannot find the path specified. (0x3)
[0429/233142.273:ERROR:crash_report_exception_handler.cc(97)] PrepareNewCrashReport failed
[0430/143126.630:ERROR:file_io_win.cc(161)] CreateFile C:\Users\jswati\AppData\Local\Temp\scoped_dir27316_1571\Crashpad\settings.dat: The system cannot find the path specified. (0x3)
[0430/143126.674:ERROR:file_io_win.cc(170)] CreateFile C:\Users\jswati\AppData\Local\Temp\scoped_dir27316_1571\Crashpad\reports\344e9e29-1e4e-45f9-90f3-fc2283d428df.dmp: The system cannot find the path specified. (0x3)
[0430/143126.674:ERROR:crash_report_exception_handler.cc(97)] PrepareNewCrashReport failed
[0510/111855.679:ERROR:prune_crash_reports.cc(35)] PruneCrashReportDatabase: Failed to get pending reports
[0513/065900.823:ERROR:prune_crash_reports.cc(35)] PruneCrashReportDatabase: Failed to get pending reports
